[2016-03-26 18:45:01] WARNING: Form 149 > nelson.whitford@gmail.com is already subscribed to the selected list(s)
[2016-04-11 18:02:29] WARNING: Form 149 > travis@mathplusacademy.com is already subscribed to the selected list(s)
[2016-04-11 18:03:20] WARNING: Form 149 > travis@mathplusacademy.com is already subscribed to the selected list(s)
[2016-04-11 18:04:52] WARNING: Form 149 > travis@mathplusacademy.com is already subscribed to the selected list(s)
[2016-04-17 19:01:12] WARNING: Form 149 > mabengry@gmail.com is already subscribed to the selected list(s)
[2016-04-21 06:07:02] ERROR: Form 149 > MailChimp API error: Error connecting to MailChimp. Operation timed out after 10000 milliseconds with 0 bytes received
[2016-04-21 14:35:28] WARNING: Form 149 > jgambino@northshore.edu is already subscribed to the selected list(s)
[2016-04-22 01:57:29] ERROR: Form 149 > MailChimp API error: Error connecting to MailChimp. Operation timed out after 10000 milliseconds with 0 bytes received
[2016-04-24 13:06:43] ERROR: Form 149 > MailChimp API error: Error connecting to MailChimp. Operation timed out after 10000 milliseconds with 0 bytes received
[2016-04-30 07:58:43] WARNING: Form 149 > *********gmail.com is already subscribed to the selected list(s)
[2016-05-03 08:45:31] ERROR: Form 149 > MailChimp API error: Error connecting to MailChimp. Operation timed out after 10001 milliseconds with 0 bytes received
[2016-05-05 20:03:33] WARNING: Form 149 > ***********a@ed-3d.com is already subscribed to the selected list(s)
[2016-05-09 12:23:47] WARNING: Form 149 > **********@gmail.com is already subscribed to the selected list(s)
[2016-05-19 06:55:52] WARNING: Form 149 > ************1@gmail.com is already subscribed to the selected list(s)
[2016-05-19 09:02:56] WARNING: Form 149 > ************1@gmail.com is already subscribed to the selected list(s)
[2016-05-19 09:05:01] WARNING: Form 149 > ************1@gmail.com is already subscribed to the selected list(s)
[2016-05-19 09:05:33] WARNING: Form 149 > ************1@gmail.com is already subscribed to the selected list(s)
[2016-05-19 09:06:32] WARNING: Form 149 > ************1@gmail.com is already subscribed to the selected list(s)
[2016-05-19 09:08:22] WARNING: Form 149 > ************1@gmail.com is already subscribed to the selected list(s)
[2016-05-19 09:19:54] WARNING: Form 149 > ************1@gmail.com is already subscribed to the selected list(s)
[2016-05-19 09:21:09] WARNING: Form 149 > ************1@gmail.com is already subscribed to the selected list(s)
[2016-05-19 09:21:57] WARNING: Form 149 > ************1@gmail.com is already subscribed to the selected list(s)
[2016-05-19 09:22:22] WARNING: Form 149 > ************1@gmail.com is already subscribed to the selected list(s)
[2016-05-19 09:23:03] WARNING: Form 149 > ************1@gmail.com is already subscribed to the selected list(s)
[2016-05-19 09:24:45] WARNING: Form 149 > ************1@gmail.com is already subscribed to the selected list(s)
[2016-05-19 09:25:28] WARNING: Form 149 > ************1@gmail.com is already subscribed to the selected list(s)
[2016-05-19 09:25:51] WARNING: Form 149 > ************1@gmail.com is already subscribed to the selected list(s)
[2016-05-19 11:27:51] WARNING: Form 149 > *************s@utulsa.edu is already subscribed to the selected list(s)
[2016-05-20 10:55:27] ERROR: Form 149 > MailChimp API error: List_RoleEmailMember: kirstiesmith_72@hotmail.co is an invalid email address and cannot be imported.
[2016-05-22 22:18:06] WARNING: Form 149 > **************ail.mcgill.ca is already subscribed to the selected list(s)
[2016-05-23 11:04:53] ERROR: Form 149 > MailChimp API error: Error connecting to MailChimp. Operation timed out after 10000 milliseconds with 0 bytes received
[2016-05-23 15:05:10] WARNING: Form 149 > **************lusacademy.com is already subscribed to the selected list(s)
[2016-05-23 15:05:31] WARNING: Form 149 > **********@gmail.com is already subscribed to the selected list(s)
[2016-05-23 15:05:46] WARNING: Form 149 > *************usacademy.com is already subscribed to the selected list(s)
[2016-05-24 18:00:37] WARNING: Form 149 > ********mail.com is already subscribed to the selected list(s)
[2016-05-26 09:32:47] WARNING: Form 149 > *************ntu@gmail.com is already subscribed to the selected list(s)
[2016-05-30 20:57:56] WARNING: Form 149 > **************965@gmail.com is already subscribed to the selected list(s)
[2016-05-31 23:43:51] WARNING: Form 149 > *************man@gmail.com is already subscribed to the selected list(s)
[2016-06-01 02:47:01] WARNING: Form 149 > ******************edumail.vic.gov.au is already subscribed to the selected list(s)
[2016-06-04 11:19:20] WARNING: Form 149 > ***********anesisd.net is already subscribed to the selected list(s)
[2016-06-06 15:10:31] WARNING: Form 149 > ***************ngel@gmail.com is already subscribed to the selected list(s)
[2016-06-07 15:01:00] WARNING: Form 149 > *********@msri.org is already subscribed to the selected list(s)
[2016-06-07 19:20:49] WARNING: Form 149 > *************usacademy.com is already subscribed to the selected list(s)
[2016-06-07 19:26:32] WARNING: Form 149 > *************usacademy.com is already subscribed to the selected list(s)
[2016-06-07 19:27:08] WARNING: Form 149 > *************usacademy.com is already subscribed to the selected list(s)
[2016-06-13 14:41:24] WARNING: Form 149 > ************33@gmail.com is already subscribed to the selected list(s)
[2016-06-20 03:08:21] ERROR: Form 149 > MailChimp API error: List_RoleEmailMember: malopetkasammy19@facebook.com is an invalid email address and cannot be imported.
[2016-06-21 05:45:27] WARNING: Form 149 > *********gmail.com is already subscribed to the selected list(s)
[2016-06-30 19:40:27] WARNING: Form 149 > ****************qamaracademy.in is already subscribed to the selected list(s)
[2016-07-01 17:23:17] ERROR: Form 149 > MailChimp API error: Error connecting to MailChimp. Operation timed out after 10001 milliseconds with 0 bytes received
[2016-07-06 14:55:48] ERROR: Form 149 > MailChimp API error: Error connecting to MailChimp. Connection timed out after 10001 milliseconds
[2016-07-18 12:09:05] WARNING: Form 149 > ********mail.com is already subscribed to the selected list(s)
[2016-07-22 04:03:50] ERROR: Form 149 > MailChimp API error: Error connecting to MailChimp. Operation timed out after 10000 milliseconds with 0 bytes received
[2016-07-25 22:35:20] WARNING: Form 149 > ************7@gmail.com is already subscribed to the selected list(s)
[2016-07-28 06:03:13] ERROR: Form 149 > MailChimp API error: List_RoleEmailMember: arnab.roykalyani@gmail.om is an invalid email address and cannot be imported.
[2016-07-28 06:03:34] ERROR: Form 149 > MailChimp API error: List_RoleEmailMember: arnab.roykalyani@gmail.om is an invalid email address and cannot be imported.
[2016-07-29 17:09:41] ERROR: Form 149 > MailChimp API error: 0 Error connecting to MailChimp. Operation timed out after 10000 milliseconds with 0 bytes received
[2016-08-01 04:34:55] ERROR: Form 149 > MailChimp API error: -99 List_RoleEmailMember: dharam9755@gmil.com is an invalid email address and cannot be imported.
[2016-08-06 03:07:08] ERROR: Form 149 > MailChimp API error: 0 Error connecting to MailChimp. Operation timed out after 10000 milliseconds with 0 bytes received
[2016-08-25 05:30:10] ERROR: Form 149 > MailChimp API error: 0 Error connecting to MailChimp. Operation timed out after 10001 milliseconds with 0 bytes received
